12:34:22.134 [main] INFO  - Provide the Filters to sort the doctors in the given location
12:34:22.376 [main] INFO  - Retrive the Doctor details
12:34:22.471 [main] INFO  - Goto Surgery --> Retrive the Surgery List
12:34:22.539 [main] INFO  - Validate Form fields with invalid input
15:32:03.525 [main] INFO  - Goto Surgery --> Retrive the Surgery List
15:35:33.008 [main] INFO  - Goto Find Doctors
15:35:33.020 [main] INFO  - Enter Location and details..
15:35:33.851 [main] DEBUG - Parsing relationship: /xl/_rels/workbook.xml.rels
15:35:33.862 [main] DEBUG - Parsing relationship: /_rels/.rels
15:35:34.807 [main] TRACE - Loading type system org.apache.poi.schemas.ooxml.system.ooxml
15:35:34.818 [main] TRACE - Loading type system org.apache.xmlbeans.metadata.system.sXMLCONFIG
15:35:34.820 [main] TRACE - Loading type system org.apache.xmlbeans.metadata.system.sXMLLANG
15:35:34.822 [main] TRACE - Loading type system org.apache.xmlbeans.metadata.system.sXMLSCHEMA
15:35:34.824 [main] TRACE - Loading type system org.apache.xmlbeans.metadata.system.sXMLTOOLS
15:35:34.829 [main] TRACE - Reading unresolved handles for type system org.apache.xmlbeans.metadata.system.sXMLTOOLS
15:35:34.895 [main] TRACE - Finished loading type system org.apache.xmlbeans.metadata.system.sXMLTOOLS
15:35:34.899 [main] TRACE - Reading unresolved handles for type system org.apache.xmlbeans.metadata.system.sXMLSCHEMA
15:35:34.918 [main] TRACE - Finished loading type system org.apache.xmlbeans.metadata.system.sXMLSCHEMA
15:35:34.922 [main] TRACE - Reading unresolved handles for type system org.apache.xmlbeans.metadata.system.sXMLLANG
15:35:34.928 [main] TRACE - Finished loading type system org.apache.xmlbeans.metadata.system.sXMLLANG
15:35:34.933 [main] TRACE - Reading unresolved handles for type system org.apache.xmlbeans.metadata.system.sXMLCONFIG
15:35:34.938 [main] TRACE - Finished loading type system org.apache.xmlbeans.metadata.system.sXMLCONFIG
15:35:34.944 [main] TRACE - Reading unresolved handles for type system org.apache.poi.schemas.ooxml.system.ooxml
15:35:35.115 [main] TRACE - Finished loading type system org.apache.poi.schemas.ooxml.system.ooxml
15:35:35.118 [main] TRACE - Resolving type for handle themefd26doctype
15:35:35.392 [main] TRACE - Resolving type for handle stylesheet5d8bdoctype
15:35:35.412 [main] TRACE - Resolving type for handle ctstylesheet4257type
15:35:35.429 [main] TRACE - Resolving type for handle ctfonts6623type
15:35:35.442 [main] TRACE - Resolving type for handle ctfont14d8type
15:35:35.463 [main] TRACE - Resolving type for handle ctfills2c6ftype
15:35:35.474 [main] TRACE - Resolving type for handle ctfill550ctype
15:35:35.483 [main] TRACE - Resolving type for handle ctborders0d66type
15:35:35.493 [main] TRACE - Resolving type for handle ctborderf935type
15:35:35.507 [main] TRACE - Resolving type for handle ctcellxfs1322type
15:35:35.518 [main] TRACE - Resolving type for handle ctxf97f7type
15:35:35.529 [main] TRACE - Resolving type for handle ctcellstylexfsa81ftype
15:35:35.536 [main] TRACE - Resolving type for handle ctdxfsb26atype
15:35:35.545 [main] TRACE - Resolving type for handle cttablestyles872ftype
15:35:35.557 [main] TRACE - Resolving type for handle sstf81fdoctype
15:35:35.571 [main] TRACE - Resolving type for handle ctsst44f3type
15:35:35.612 [main] TRACE - Resolving type for handle ctrsta472type
15:35:35.692 [main] TRACE - Resolving type for handle workbookec17doctype
15:35:35.716 [main] TRACE - Resolving type for handle ctworkbook83c3type
15:35:35.735 [main] TRACE - Resolving type for handle ctsheets49fdtype
15:35:35.747 [main] TRACE - Resolving type for handle ctsheet4dbetype
15:35:35.757 [main] TRACE - Resolving type for handle strelationshipid1e94type
15:35:35.766 [main] TRACE - Resolving type for handle worksheetf539doctype
15:35:35.783 [main] TRACE - Resolving type for handle ctworksheet530dtype
15:35:35.811 [main] TRACE - Resolving type for handle ctsheetdata8408type
15:35:35.822 [main] TRACE - Resolving type for handle ctrowdd39type
15:35:35.844 [main] TRACE - Resolving type for handle ctcell842btype
15:35:35.873 [main] TRACE - Resolving type for handle stcellrefe4e0type
15:35:35.921 [main] TRACE - Resolving type for handle ctcols627ctype
15:35:35.980 [main] TRACE - Resolving type for handle stcelltypebf95type
15:35:36.006 [main] TRACE - Resolving type for handle stxstringf179type
15:35:36.096 [main] INFO  - Provide the Filters to sort the doctors in the given location
15:35:36.134 [main] INFO  - Retrive the Doctor details
15:35:36.183 [main] INFO  - Goto Surgery --> Retrive the Surgery List
15:48:48.840 [main] INFO  - Goto Surgery --> Retrive the Surgery List
15:53:49.212 [main] INFO  - Goto Surgery --> Retrive the Surgery List
16:02:51.217 [main] INFO  - Goto Surgery --> Retrive the Surgery List
16:04:48.683 [main] INFO  - Goto Surgery --> Retrive the Surgery List
16:12:39.575 [main] INFO  - Goto Surgery --> Retrive the Surgery List
16:15:29.109 [main] INFO  - Goto Find Doctors
16:15:29.136 [main] INFO  - Enter Location and details..
16:15:30.715 [main] DEBUG - Parsing relationship: /xl/_rels/workbook.xml.rels
16:15:30.723 [main] DEBUG - Parsing relationship: /_rels/.rels
16:15:32.365 [main] TRACE - Loading type system org.apache.poi.schemas.ooxml.system.ooxml
16:15:32.381 [main] TRACE - Loading type system org.apache.xmlbeans.metadata.system.sXMLCONFIG
16:15:32.383 [main] TRACE - Loading type system org.apache.xmlbeans.metadata.system.sXMLLANG
16:15:32.384 [main] TRACE - Loading type system org.apache.xmlbeans.metadata.system.sXMLSCHEMA
16:15:32.387 [main] TRACE - Loading type system org.apache.xmlbeans.metadata.system.sXMLTOOLS
16:15:32.392 [main] TRACE - Reading unresolved handles for type system org.apache.xmlbeans.metadata.system.sXMLTOOLS
16:15:32.452 [main] TRACE - Finished loading type system org.apache.xmlbeans.metadata.system.sXMLTOOLS
16:15:32.456 [main] TRACE - Reading unresolved handles for type system org.apache.xmlbeans.metadata.system.sXMLSCHEMA
16:15:32.468 [main] TRACE - Finished loading type system org.apache.xmlbeans.metadata.system.sXMLSCHEMA
16:15:32.471 [main] TRACE - Reading unresolved handles for type system org.apache.xmlbeans.metadata.system.sXMLLANG
16:15:32.473 [main] TRACE - Finished loading type system org.apache.xmlbeans.metadata.system.sXMLLANG
16:15:32.477 [main] TRACE - Reading unresolved handles for type system org.apache.xmlbeans.metadata.system.sXMLCONFIG
16:15:32.479 [main] TRACE - Finished loading type system org.apache.xmlbeans.metadata.system.sXMLCONFIG
16:15:32.482 [main] TRACE - Reading unresolved handles for type system org.apache.poi.schemas.ooxml.system.ooxml
16:15:32.613 [main] TRACE - Finished loading type system org.apache.poi.schemas.ooxml.system.ooxml
16:15:32.617 [main] TRACE - Resolving type for handle themefd26doctype
16:15:32.928 [main] TRACE - Resolving type for handle stylesheet5d8bdoctype
16:15:32.940 [main] TRACE - Resolving type for handle ctstylesheet4257type
16:15:32.964 [main] TRACE - Resolving type for handle ctfonts6623type
16:15:32.979 [main] TRACE - Resolving type for handle ctfont14d8type
16:15:33.000 [main] TRACE - Resolving type for handle ctfills2c6ftype
16:15:33.009 [main] TRACE - Resolving type for handle ctfill550ctype
16:15:33.026 [main] TRACE - Resolving type for handle ctborders0d66type
16:15:33.037 [main] TRACE - Resolving type for handle ctborderf935type
16:15:33.048 [main] TRACE - Resolving type for handle ctcellxfs1322type
16:15:33.064 [main] TRACE - Resolving type for handle ctxf97f7type
16:15:33.075 [main] TRACE - Resolving type for handle ctcellstylexfsa81ftype
16:15:33.081 [main] TRACE - Resolving type for handle ctdxfsb26atype
16:15:33.090 [main] TRACE - Resolving type for handle cttablestyles872ftype
16:15:33.115 [main] TRACE - Resolving type for handle sstf81fdoctype
16:15:33.125 [main] TRACE - Resolving type for handle ctsst44f3type
16:15:33.189 [main] TRACE - Resolving type for handle ctrsta472type
16:15:33.295 [main] TRACE - Resolving type for handle workbookec17doctype
16:15:33.307 [main] TRACE - Resolving type for handle ctworkbook83c3type
16:15:33.334 [main] TRACE - Resolving type for handle ctsheets49fdtype
16:15:33.343 [main] TRACE - Resolving type for handle ctsheet4dbetype
16:15:33.352 [main] TRACE - Resolving type for handle strelationshipid1e94type
16:15:33.362 [main] TRACE - Resolving type for handle worksheetf539doctype
16:15:33.373 [main] TRACE - Resolving type for handle ctworksheet530dtype
16:15:33.402 [main] TRACE - Resolving type for handle ctsheetdata8408type
16:15:33.411 [main] TRACE - Resolving type for handle ctrowdd39type
16:15:33.447 [main] TRACE - Resolving type for handle ctcell842btype
16:15:33.503 [main] TRACE - Resolving type for handle stcellrefe4e0type
16:15:33.544 [main] TRACE - Resolving type for handle ctcols627ctype
16:15:33.600 [main] TRACE - Resolving type for handle stcelltypebf95type
16:15:33.618 [main] TRACE - Resolving type for handle stxstringf179type
16:17:10.596 [main] INFO  - Provide the Filters to sort the doctors in the given location
16:18:30.634 [main] INFO  - Retrive the Doctor details
16:18:31.027 [main] INFO  - Goto Surgery --> Retrive the Surgery List
16:18:31.097 [main] INFO  - Validate Form fields with invalid input
16:40:27.953 [main] INFO  - Goto Find Doctors
16:40:27.995 [main] INFO  - Enter Location and details..
16:40:28.790 [main] DEBUG - Parsing relationship: /xl/_rels/workbook.xml.rels
16:40:28.800 [main] DEBUG - Parsing relationship: /_rels/.rels
16:40:29.715 [main] TRACE - Loading type system org.apache.poi.schemas.ooxml.system.ooxml
16:40:29.729 [main] TRACE - Loading type system org.apache.xmlbeans.metadata.system.sXMLCONFIG
16:40:29.731 [main] TRACE - Loading type system org.apache.xmlbeans.metadata.system.sXMLLANG
16:40:29.733 [main] TRACE - Loading type system org.apache.xmlbeans.metadata.system.sXMLSCHEMA
16:40:29.735 [main] TRACE - Loading type system org.apache.xmlbeans.metadata.system.sXMLTOOLS
16:40:29.739 [main] TRACE - Reading unresolved handles for type system org.apache.xmlbeans.metadata.system.sXMLTOOLS
16:40:29.791 [main] TRACE - Finished loading type system org.apache.xmlbeans.metadata.system.sXMLTOOLS
16:40:29.794 [main] TRACE - Reading unresolved handles for type system org.apache.xmlbeans.metadata.system.sXMLSCHEMA
16:40:29.806 [main] TRACE - Finished loading type system org.apache.xmlbeans.metadata.system.sXMLSCHEMA
16:40:29.809 [main] TRACE - Reading unresolved handles for type system org.apache.xmlbeans.metadata.system.sXMLLANG
16:40:29.814 [main] TRACE - Finished loading type system org.apache.xmlbeans.metadata.system.sXMLLANG
16:40:29.817 [main] TRACE - Reading unresolved handles for type system org.apache.xmlbeans.metadata.system.sXMLCONFIG
16:40:29.819 [main] TRACE - Finished loading type system org.apache.xmlbeans.metadata.system.sXMLCONFIG
16:40:29.822 [main] TRACE - Reading unresolved handles for type system org.apache.poi.schemas.ooxml.system.ooxml
16:40:29.938 [main] TRACE - Finished loading type system org.apache.poi.schemas.ooxml.system.ooxml
16:40:29.940 [main] TRACE - Resolving type for handle themefd26doctype
16:40:30.158 [main] TRACE - Resolving type for handle stylesheet5d8bdoctype
16:40:30.174 [main] TRACE - Resolving type for handle ctstylesheet4257type
16:40:30.192 [main] TRACE - Resolving type for handle ctfonts6623type
16:40:30.203 [main] TRACE - Resolving type for handle ctfont14d8type
16:40:30.225 [main] TRACE - Resolving type for handle ctfills2c6ftype
16:40:30.234 [main] TRACE - Resolving type for handle ctfill550ctype
16:40:30.243 [main] TRACE - Resolving type for handle ctborders0d66type
16:40:30.252 [main] TRACE - Resolving type for handle ctborderf935type
16:40:30.265 [main] TRACE - Resolving type for handle ctcellxfs1322type
16:40:30.275 [main] TRACE - Resolving type for handle ctxf97f7type
16:40:30.288 [main] TRACE - Resolving type for handle ctcellstylexfsa81ftype
16:40:30.295 [main] TRACE - Resolving type for handle ctdxfsb26atype
16:40:30.304 [main] TRACE - Resolving type for handle cttablestyles872ftype
16:40:30.316 [main] TRACE - Resolving type for handle sstf81fdoctype
16:40:30.327 [main] TRACE - Resolving type for handle ctsst44f3type
16:40:30.366 [main] TRACE - Resolving type for handle ctrsta472type
16:40:30.432 [main] TRACE - Resolving type for handle workbookec17doctype
16:40:30.443 [main] TRACE - Resolving type for handle ctworkbook83c3type
16:40:30.461 [main] TRACE - Resolving type for handle ctsheets49fdtype
16:40:30.470 [main] TRACE - Resolving type for handle ctsheet4dbetype
16:40:30.477 [main] TRACE - Resolving type for handle strelationshipid1e94type
16:40:30.489 [main] TRACE - Resolving type for handle worksheetf539doctype
16:40:30.500 [main] TRACE - Resolving type for handle ctworksheet530dtype
16:40:30.529 [main] TRACE - Resolving type for handle ctsheetdata8408type
16:40:30.539 [main] TRACE - Resolving type for handle ctrowdd39type
16:40:30.561 [main] TRACE - Resolving type for handle ctcell842btype
16:40:30.587 [main] TRACE - Resolving type for handle stcellrefe4e0type
16:40:30.614 [main] TRACE - Resolving type for handle ctcols627ctype
16:40:30.656 [main] TRACE - Resolving type for handle stcelltypebf95type
16:40:30.672 [main] TRACE - Resolving type for handle stxstringf179type
16:41:13.599 [main] INFO  - Provide the Filters to sort the doctors in the given location
16:41:13.633 [main] INFO  - Retrive the Doctor details
16:41:13.676 [main] INFO  - Goto Surgery --> Retrive the Surgery List
16:41:13.726 [main] INFO  - Validate Form fields with invalid input
